#
# There is insufficient memory for the Java Runtime Environment to continue.
# Native memory allocation (mmap) failed to map 402653184 bytes for G1 virtual space
# Possible reasons:
#   The system is out of physical RAM or swap space
#   The process is running with CompressedOops enabled, and the Java Heap may be blocking the growth of the native heap
# Possible solutions:
#   Reduce memory load on the system
#   Increase physical memory or swap space
#   Check if swap backing store is full
#   Decrease Java heap size (-Xmx/-Xms)
#   Decrease number of Java threads
#   Decrease Java thread stack sizes (-Xss)
#   Set larger code cache with -XX:ReservedCodeCacheSize=
#   JVM is running with Zero Based Compressed Oops mode in which the Java heap is
#     placed in the first 32GB address space. The Java Heap base address is the
#     maximum limit for the native heap growth. Please use -XX:HeapBaseMinAddress
#     to set the Java Heap base and to place the Java Heap above 32GB virtual address.
# This output file may be truncated or incomplete.
#
#  Out of Memory Error (os_windows.cpp:3527), pid=16560, tid=10540
#
# JRE version:  (19.0.1+10) (build )
# Java VM: Java HotSpot(TM) 64-Bit Server VM (19.0.1+10-21, mixed mode, sharing, tiered, compressed oops, compressed class ptrs, g1 gc, windows-amd64)
# No core dump will be written. Minidumps are not enabled by default on client versions of Windows
#

---------------  S U M M A R Y ------------

Command Line: 

Host: Intel(R) Core(TM) i7-9750H CPU @ 2.60GHz, 12 cores, 23G,  Windows 11 , 64 bit Build 22000 (10.0.22000.2538)
Time: Thu Nov 16 00:24:23 2023 Paris, Madrid elapsed time: 0.008064 seconds (0d 0h 0m 0s)

---------------  T H R E A D  ---------------

Current thread (0x000002588bb8d9b0):  JavaThread "Unknown thread" [_thread_in_vm, id=10540, stack(0x0000006e3a300000,0x0000006e3a400000)]

Stack: [0x0000006e3a300000,0x0000006e3a400000]
Native frames: (J=compiled Java code, j=interpreted, Vv=VM code, C=native code)
V  [jvm.dll+0x6ee8fa]
V  [jvm.dll+0x857a1e]
V  [jvm.dll+0x85940e]
V  [jvm.dll+0x859ac3]
V  [jvm.dll+0x28291f]
V  [jvm.dll+0x6eb6e9]
V  [jvm.dll+0x6e028a]
V  [jvm.dll+0x357136]
V  [jvm.dll+0x35eb96]
V  [jvm.dll+0x3b555e]
V  [jvm.dll+0x3b578f]
V  [jvm.dll+0x32c6ea]
V  [jvm.dll+0x32d59e]
V  [jvm.dll+0x821b20]
V  [jvm.dll+0x3c27c1]
V  [jvm.dll+0x8022f1]
V  [jvm.dll+0x44b30f]
V  [jvm.dll+0x44cc91]
C  [jli.dll+0x5287]
C  [ucrtbase.dll+0x26c0c]
C  [KERNEL32.DLL+0x153e0]
C  [ntdll.dll+0x485b]


---------------  P R O C E S S  ---------------

Threads class SMR info:
_java_thread_list=0x00007ff9089ed048, length=0, elements={
}

Java Threads: ( => current thread )

Other Threads:
  0x000002588bc1c1a0 WorkerThread "GC Thread#0" [stack: 0x0000006e3a400000,0x0000006e3a500000] [id=4028]
  0x000002588bc28fd0 ConcurrentGCThread "G1 Main Marker" [stack: 0x0000006e3a500000,0x0000006e3a600000] [id=13816]
  0x000002588bc29ba0 WorkerThread "G1 Conc#0" [stack: 0x0000006e3a600000,0x0000006e3a700000] [id=15796]

[error occurred during error reporting (printing all threads), id 0xc0000005, EXCEPTION_ACCESS_VIOLATION (0xc0000005) at pc=0x00007ff9081ad127]

VM state: not at safepoint (not fully initialized)

VM Mutex/Monitor currently owned by a thread:  ([mutex/lock_event])
[0x000002588bb895b0] Heap_lock - owner thread: 0x000002588bb8d9b0

Heap address: 0x0000000682400000, size: 6108 MB, Compressed Oops mode: Zero based, Oop shift amount: 3

CDS archive(s) mapped at: [0x0000000000000000-0x0000000000000000-0x0000000000000000), size 0, SharedBaseAddress: 0x0000000800000000, ArchiveRelocationMode: 0.
Narrow klass base: 0x0000000000000000, Narrow klass shift: 0, Narrow klass range: 0x0

GC Precious Log:
 CardTable entry size: 512
 Card Set container configuration: InlinePtr #cards 4 size 8 Array Of Cards #cards 32 size 80 Howl #buckets 8 coarsen threshold 7372 Howl Bitmap #cards 1024 size 144 coarsen threshold 921 Card regions per heap region 1 cards per card region 8192

Heap:
 garbage-first heap   total 0K, used 0K [0x0000000682400000, 0x0000000800000000)
  region size 4096K, 0 young (0K), 0 survivors (0K)

[error occurred during error reporting (printing heap information), id 0xc0000005, EXCEPTION_ACCESS_VIOLATION (0xc0000005) at pc=0x00007ff9085b6959]

GC Heap History (0 events):
No events

Dll operation events (1 events):
Event: 0.004 Loaded shared library C:\Program Files\Java\jdk-19\bin\java.dll

Deoptimization events (0 events):
No events

Classes loaded (0 events):
No events

Classes unloaded (0 events):
No events

Classes redefined (0 events):
No events

Internal exceptions (0 events):
No events

VM Operations (0 events):
No events

Events (0 events):
No events


Dynamic libraries:
0x00007ff7c1f00000 - 0x00007ff7c1f10000 	C:\Program Files\Java\jdk-19\bin\java.exe
0x00007ff988720000 - 0x00007ff988929000 	C:\Windows\SYSTEM32\ntdll.dll
0x00007ff987860000 - 0x00007ff98791d000 	C:\Windows\System32\KERNEL32.DLL
0x00007ff986040000 - 0x00007ff9863c4000 	C:\Windows\System32\KERNELBASE.dll
0x00007ff9863d0000 - 0x00007ff9864e1000 	C:\Windows\System32\ucrtbase.dll
0x00007ff975e40000 - 0x00007ff975e58000 	C:\Program Files\Java\jdk-19\bin\jli.dll
0x00007ff975e20000 - 0x00007ff975e3b000 	C:\Program Files\Java\jdk-19\bin\VCRUNTIME140.dll
0x00007ff9874f0000 - 0x00007ff98759e000 	C:\Windows\System32\ADVAPI32.dll
0x00007ff987ac0000 - 0x00007ff987b63000 	C:\Windows\System32\msvcrt.dll
0x00007ff9866e0000 - 0x00007ff98677e000 	C:\Windows\System32\sechost.dll
0x00007ff987730000 - 0x00007ff987851000 	C:\Windows\System32\RPCRT4.dll
0x00007ff987050000 - 0x00007ff9871fd000 	C:\Windows\System32\USER32.dll
0x00007ff985c50000 - 0x00007ff985c76000 	C:\Windows\System32\win32u.dll
0x00007ff96cad0000 - 0x00007ff96cd75000 	C:\Windows\WinSxS\amd64_microsoft.windows.common-controls_6595b64144ccf1df_6.0.22000.120_none_9d947278b86cc467\COMCTL32.dll
0x00007ff9867f0000 - 0x00007ff98681a000 	C:\Windows\System32\GDI32.dll
0x00007ff985d40000 - 0x00007ff985e5e000 	C:\Windows\System32\gdi32full.dll
0x00007ff985bb0000 - 0x00007ff985c4d000 	C:\Windows\System32\msvcp_win.dll
0x00007ff980a40000 - 0x00007ff980a4a000 	C:\Windows\SYSTEM32\VERSION.dll
0x00007ff9875d0000 - 0x00007ff987601000 	C:\Windows\System32\IMM32.DLL
0x00007ff982370000 - 0x00007ff98237c000 	C:\Program Files\Java\jdk-19\bin\vcruntime140_1.dll
0x00007ff9691e0000 - 0x00007ff96926e000 	C:\Program Files\Java\jdk-19\bin\msvcp140.dll
0x00007ff907e70000 - 0x00007ff908b30000 	C:\Program Files\Java\jdk-19\bin\server\jvm.dll
0x00007ff971970000 - 0x00007ff971979000 	C:\Windows\SYSTEM32\WSOCK32.dll
0x00007ff97f580000 - 0x00007ff97f5b3000 	C:\Windows\SYSTEM32\WINMM.dll
0x00007ff988670000 - 0x00007ff9886df000 	C:\Windows\System32\WS2_32.dll
0x00007ff984d10000 - 0x00007ff984d28000 	C:\Windows\SYSTEM32\kernel.appcore.dll
0x00007ff982310000 - 0x00007ff98231a000 	C:\Program Files\Java\jdk-19\bin\jimage.dll
0x00007ff975030000 - 0x00007ff975251000 	C:\Windows\SYSTEM32\DBGHELP.DLL
0x00007ff9737d0000 - 0x00007ff973801000 	C:\Windows\SYSTEM32\dbgcore.DLL
0x00007ff9864f0000 - 0x00007ff98656f000 	C:\Windows\System32\bcryptPrimitives.dll
0x00007ff975ce0000 - 0x00007ff975d06000 	C:\Program Files\Java\jdk-19\bin\java.dll

dbghelp: loaded successfully - version: 4.0.5 - missing functions: none
symbol engine: initialized successfully - sym options: 0x614 - pdb path: .;C:\Program Files\Java\jdk-19\bin;C:\Windows\SYSTEM32;C:\Windows\WinSxS\amd64_microsoft.windows.common-controls_6595b64144ccf1df_6.0.22000.120_none_9d947278b86cc467;C:\Program Files\Java\jdk-19\bin\server

VM Arguments:
java_command: <unknown>
java_class_path (initial): <not set>
Launcher Type: SUN_STANDARD

[Global flags]
     intx CICompilerCount                          = 4                                         {product} {ergonomic}
     uint ConcGCThreads                            = 3                                         {product} {ergonomic}
     uint G1ConcRefinementThreads                  = 10                                        {product} {ergonomic}
   size_t G1HeapRegionSize                         = 4194304                                   {product} {ergonomic}
    uintx GCDrainStackTargetSize                   = 64                                        {product} {ergonomic}
   size_t InitialHeapSize                          = 402653184                                 {product} {ergonomic}
   size_t MarkStackSize                            = 4194304                                   {product} {ergonomic}
   size_t MaxHeapSize                              = 6404702208                                {product} {ergonomic}
   size_t MinHeapDeltaBytes                        = 4194304                                   {product} {ergonomic}
   size_t MinHeapSize                              = 8388608                                   {product} {ergonomic}
    uintx NonNMethodCodeHeapSize                   = 5839372                                {pd product} {ergonomic}
    uintx NonProfiledCodeHeapSize                  = 122909434                              {pd product} {ergonomic}
    uintx ProfiledCodeHeapSize                     = 122909434                              {pd product} {ergonomic}
    uintx ReservedCodeCacheSize                    = 251658240                              {pd product} {ergonomic}
     bool SegmentedCodeCache                       = true                                      {product} {ergonomic}
   size_t SoftMaxHeapSize                          = 6404702208                             {manageable} {ergonomic}
     bool UseCompressedClassPointers               = true                           {product lp64_product} {ergonomic}
     bool UseCompressedOops                        = true                           {product lp64_product} {ergonomic}
     bool UseG1GC                                  = true                                      {product} {ergonomic}
     bool UseLargePagesIndividualAllocation        = false                                  {pd product} {ergonomic}

Logging:
Log output configuration:
 #0: stdout all=warning uptime,level,tags foldmultilines=false
 #1: stderr all=off uptime,level,tags foldmultilines=false

Environment Variables:
PATH=C:\Python312\Scripts\;C:\Python312\;C:\Windows\system32;C:\Windows;C:\Windows\System32\Wbem;C:\Windows\System32\WindowsPowerShell\v1.0\;C:\Windows\System32\OpenSSH\;C:\Program Files (x86)\NVIDIA Corporation\PhysX\Common;C:\Program Files\Java\jdk-19\bin;C:\Kotlin\kotlinc\bin;C:\Program Files\nodejs\;C:\ProgramData\chocolatey\bin;C:\flutter\bin;C:\Program Files\Git\cmd;C:\Program Files\dotnet\;C:\Users\MSI BOURIGUA\AppData\Local\Microsoft\WindowsApps;C:\Users\MSI BOURIGUA\AppData\Roaming\npm;C:\Users\MSI BOURIGUA\AppData\Local\Programs\Microsoft VS Code\bin;C:\Users\MSI BOURIGUA\AppData\Local\GitHubDesktop\bin;C:\Users\MSI BOURIGUA\.dotnet\tools
USERNAME=MSI BOURIGUA
OS=Windows_NT
PROCESSOR_IDENTIFIER=Intel64 Family 6 Model 158 Stepping 13, GenuineIntel
TMP=C:\Users\MSIBOU~1\AppData\Local\Temp
TEMP=C:\Users\MSIBOU~1\AppData\Local\Temp



---------------  S Y S T E M  ---------------

OS:
 Windows 11 , 64 bit Build 22000 (10.0.22000.2538)
OS uptime: 0 days 6:01 hours

CPU: total 12 (initial active 12) (6 cores per cpu, 2 threads per core) family 6 model 158 stepping 13 microcode 0xde, cx8, cmov, fxsr, ht, mmx, 3dnowpref, sse, sse2, sse3, ssse3, sse4.1, sse4.2, popcnt, lzcnt, tsc, tscinvbit, avx, avx2, aes, erms, clmul, bmi1, bmi2, adx, fma, vzeroupper, clflush, clflushopt, rdtscp

Memory: 4k page, system-wide physical 24422M (4752M free)
TotalPageFile size 24422M (AvailPageFile size 86M)
current process WorkingSet (physical memory assigned to process): 11M, peak: 11M
current process commit charge ("private bytes"): 64M, peak: 448M

vm_info: Java HotSpot(TM) 64-Bit Server VM (19.0.1+10-21) for windows-amd64 JRE (19.0.1+10-21), built on 2022-09-14T12:45:06Z by "mach5one" with MS VC++ 17.1 (VS2022)

END.
